TN:
SF:actions/index.ts
FN:9,(anonymous_0)
FN:20,(anonymous_1)
FNF:2
FNH:1
FNDA:2,(anonymous_0)
FNDA:0,(anonymous_1)
DA:1,1
DA:2,1
DA:9,1
DA:13,2
DA:14,2
DA:16,1
DA:20,1
DA:24,0
DA:25,0
DA:27,0
LF:10
LH:7
BRF:0
BRH:0
end_of_record
TN:
SF:config/index.ts
FNF:0
FNH:0
DA:1,1
DA:3,1
DA:13,1
DA:22,1
LF:4
LH:4
BRF:0
BRH:0
end_of_record
TN:
SF:constants/index.ts
FNF:0
FNH:0
DA:1,3
DA:2,3
DA:3,3
DA:4,3
DA:5,3
DA:6,3
DA:7,3
DA:8,3
DA:9,3
DA:10,3
DA:11,3
DA:12,3
DA:13,3
DA:14,3
LF:14
LH:14
BRF:0
BRH:0
end_of_record
TN:
SF:indexer/index.ts
FN:16,(anonymous_1)
FN:27,(anonymous_2)
FN:36,(anonymous_3)
FN:46,(anonymous_4)
FN:50,(anonymous_5)
FN:64,(anonymous_6)
FN:73,(anonymous_7)
FNF:7
FNH:7
FNDA:1,(anonymous_1)
FNDA:1,(anonymous_2)
FNDA:1,(anonymous_3)
FNDA:1,(anonymous_4)
FNDA:2,(anonymous_5)
FNDA:1,(anonymous_6)
FNDA:1,(anonymous_7)
DA:1,1
DA:2,1
DA:3,1
DA:4,1
DA:5,1
DA:6,1
DA:7,1
DA:10,1
DA:16,1
DA:17,1
DA:20,1
DA:21,1
DA:22,2
DA:24,1
DA:27,1
DA:28,1
DA:29,1
DA:31,0
DA:32,0
DA:36,1
DA:40,1
DA:46,1
DA:47,1
DA:48,1
DA:50,2
DA:59,1
DA:60,1
DA:61,1
DA:64,1
DA:65,1
DA:66,1
DA:67,2
DA:68,2
DA:70,1
DA:73,1
DA:77,1
DA:78,1
DA:80,1
DA:81,1
DA:82,1
DA:83,1
DA:85,1
DA:88,1
LF:43
LH:41
BRDA:41,0,0,1
BRDA:41,0,1,0
BRDA:42,1,0,1
BRDA:42,1,1,0
BRDA:52,2,0,1
BRDA:52,2,1,0
BRF:6
BRH:3
end_of_record
TN:
SF:retriever/index.ts
FN:8,(anonymous_0)
FN:10,(anonymous_1)
FN:23,(anonymous_2)
FN:36,(anonymous_3)
FN:39,(anonymous_4)
FN:45,(anonymous_5)
FNF:6
FNH:6
FNDA:1,(anonymous_0)
FNDA:2,(anonymous_1)
FNDA:1,(anonymous_2)
FNDA:1,(anonymous_3)
FNDA:2,(anonymous_4)
FNDA:1,(anonymous_5)
DA:1,2
DA:2,2
DA:3,2
DA:4,2
DA:8,2
DA:9,1
DA:10,1
DA:11,2
DA:15,2
DA:20,1
DA:23,2
DA:27,1
DA:33,1
DA:36,2
DA:37,1
DA:38,1
DA:39,1
DA:40,2
DA:42,1
DA:45,2
DA:57,1
DA:58,1
DA:60,1
DA:61,1
DA:62,1
DA:63,1
DA:70,1
DA:77,1
DA:80,2
LF:29
LH:29
BRDA:64,0,0,1
BRDA:64,0,1,0
BRDA:65,1,0,1
BRDA:65,1,1,0
BRDA:66,2,0,1
BRDA:66,2,1,0
BRDA:67,3,0,1
BRDA:67,3,1,0
BRDA:68,4,0,1
BRDA:68,4,1,0
BRF:10
BRH:5
end_of_record
TN:
SF:utilities/index.ts
FN:8,(anonymous_0)
FN:15,(anonymous_1)
FNF:2
FNH:2
FNDA:1,(anonymous_0)
FNDA:2,(anonymous_1)
DA:1,1
DA:6,1
DA:8,1
DA:9,1
DA:15,1
DA:16,2
DA:17,2
LF:7
LH:7
BRDA:17,0,0,1
BRF:1
BRH:1
end_of_record
