TN:
SF:actions/index.ts
FN:9,(anonymous_0)
FN:20,(anonymous_1)
FNF:2
FNH:1
FNDA:2,(anonymous_0)
FNDA:0,(anonymous_1)
DA:1,1
DA:2,1
DA:9,1
DA:13,2
DA:14,2
DA:16,1
DA:20,1
DA:24,0
DA:25,0
DA:27,0
LF:10
LH:7
BRF:0
BRH:0
end_of_record
TN:
SF:config/index.ts
FNF:0
FNH:0
DA:1,1
DA:3,1
DA:13,1
DA:22,1
LF:4
LH:4
BRF:0
BRH:0
end_of_record
TN:
SF:constants/index.ts
FNF:0
FNH:0
DA:1,3
DA:2,3
DA:3,3
DA:4,3
DA:5,3
DA:6,3
DA:7,3
DA:8,3
DA:9,3
DA:10,3
DA:11,3
DA:12,3
DA:13,3
DA:14,3
LF:14
LH:14
BRF:0
BRH:0
end_of_record
TN:
SF:indexer/index.ts
FN:15,(anonymous_1)
FN:26,(anonymous_2)
FN:31,(anonymous_3)
FN:41,(anonymous_4)
FN:49,(anonymous_5)
FN:63,(anonymous_6)
FN:75,(anonymous_7)
FNF:7
FNH:7
FNDA:1,(anonymous_1)
FNDA:1,(anonymous_2)
FNDA:1,(anonymous_3)
FNDA:1,(anonymous_4)
FNDA:2,(anonymous_5)
FNDA:1,(anonymous_6)
FNDA:1,(anonymous_7)
DA:1,1
DA:2,1
DA:3,1
DA:4,1
DA:5,1
DA:6,1
DA:9,1
DA:15,1
DA:16,1
DA:19,1
DA:20,1
DA:21,2
DA:23,1
DA:26,1
DA:27,1
DA:28,1
DA:31,1
DA:35,1
DA:41,1
DA:46,1
DA:47,1
DA:49,2
DA:58,1
DA:59,1
DA:60,1
DA:63,1
DA:67,1
DA:68,1
DA:69,2
DA:70,2
DA:72,1
DA:75,1
DA:79,1
DA:80,1
DA:82,1
DA:83,1
DA:84,1
DA:85,1
DA:86,1
DA:88,1
DA:91,1
LF:41
LH:41
BRDA:36,0,0,1
BRDA:36,0,1,0
BRDA:37,1,0,1
BRDA:37,1,1,0
BRDA:51,2,0,1
BRDA:51,2,1,0
BRF:6
BRH:3
end_of_record
TN:
SF:retriever/index.ts
FN:8,(anonymous_0)
FN:10,(anonymous_1)
FN:23,(anonymous_2)
FN:36,(anonymous_3)
FN:39,(anonymous_4)
FN:45,(anonymous_5)
FNF:6
FNH:6
FNDA:1,(anonymous_0)
FNDA:2,(anonymous_1)
FNDA:1,(anonymous_2)
FNDA:1,(anonymous_3)
FNDA:2,(anonymous_4)
FNDA:1,(anonymous_5)
DA:1,2
DA:2,2
DA:3,2
DA:4,2
DA:8,2
DA:9,1
DA:10,1
DA:11,2
DA:15,2
DA:20,1
DA:23,2
DA:27,1
DA:33,1
DA:36,2
DA:37,1
DA:38,1
DA:39,1
DA:40,2
DA:42,1
DA:45,2
DA:57,1
DA:58,1
DA:60,1
DA:61,1
DA:62,1
DA:63,1
DA:70,1
DA:77,1
DA:80,2
LF:29
LH:29
BRDA:64,0,0,1
BRDA:64,0,1,0
BRDA:65,1,0,1
BRDA:65,1,1,0
BRDA:66,2,0,1
BRDA:66,2,1,0
BRDA:67,3,0,1
BRDA:67,3,1,0
BRDA:68,4,0,1
BRDA:68,4,1,0
BRF:10
BRH:5
end_of_record
TN:
SF:utilities/index.ts
FN:8,(anonymous_0)
FN:15,(anonymous_1)
FNF:2
FNH:2
FNDA:1,(anonymous_0)
FNDA:2,(anonymous_1)
DA:1,1
DA:6,1
DA:8,1
DA:9,1
DA:15,1
DA:16,2
DA:17,2
LF:7
LH:7
BRDA:17,0,0,1
BRF:1
BRH:1
end_of_record
